<?xml version="1.0" encoding="UTF-8"?>
<testsuite xmlns:xsi="http://www.w3.org/2001/XMLSchema-instance" xsi:noNamespaceSchemaLocation="https://maven.apache.org/surefire/maven-surefire-plugin/xsd/surefire-test-report-3.0.xsd" version="3.0" name="com.civictwin.IncidentControllerMockMvcTest" time="34.281" tests="2" errors="0" skipped="0" failures="0">
  <properties>
[...]
</properties>
  <testcase name="testGetIncidents" classname="com.civictwin.IncidentControllerMockMvcTest" time="0.268">
    <system-out><![CDATA[10:05:39.089 [main] INFO org.springframework.test.context.support.AnnotationConfigContextLoaderUtils -- Could not detect default configuration classes for test class [com.civictwin.IncidentControllerMockMvcTest]: IncidentControllerMockMvcTest does not declare any static, non-private, non-final, nested classes annotated with @Configuration.
10:05:39.929 [main] INFO org.springframework.boot.test.context.SpringBootTestContextBootstrapper -- Found @SpringBootConfiguration com.civictwin.CivicTwinApplication for test class com.civictwin.IncidentControllerMockMvcTest

  .   ____          _            __ _ _
 /\\ / ___'_ __ _ _(_)_ __  __ _ \ \ \ \
( ( )\___ | '_ | '_| | '_ \/ _` | \ \ \ \
 \\/  ___)| |_)| | | | | || (_| |  ) ) ) )
  '  |____| .__|_| |_|_| |_\__, | / / / /
 =========|_|==============|___/=/_/_/_/

 :: Spring Boot ::                (v3.3.4)

2026-09-20T10:05:43.102+05:30  INFO 5816 --- [civictwin-api] [           main] c.c.IncidentControllerMockMvcTest        : Starting IncidentControllerMockMvcTest using Java 21.0.12.1 with PID 5816 (started by siddh in c:\Users\siddh\CivicTwin\apps\api)
2026-09-20T10:05:43.109+05:30  INFO 5816 --- [civictwin-api] [           main] c.c.IncidentControllerMockMvcTest        : The following 1 profile is active: "default"
2026-09-20T10:05:48.408+05:30  INFO 5816 --- [civictwin-api] [           main] .s.d.r.c.RepositoryConfigurationDelegate : Bootstrapping Spring Data JPA repositories in DEFAULT mode.
2026-09-20T10:05:48.579+05:30  INFO 5816 --- [civictwin-api] [           main] .s.d.r.c.RepositoryConfigurationDelegate : Finished Spring Data repository scanning in 156 ms. Found 5 JPA repository interfaces.
2026-09-20T10:05:53.530+05:30  INFO 5816 --- [civictwin-api] [           main] o.hibernate.jpa.internal.util.LogHelper  : HHH000204: Processing PersistenceUnitInfo [name: default]
2026-09-20T10:05:54.277+05:30  INFO 5816 --- [civictwin-api] [           main] org.hibernate.Version                    : HHH000412: Hibernate ORM core version 6.5.3.Final
2026-09-20T10:05:54.740+05:30  INFO 5816 --- [civictwin-api] [           main] o.h.c.internal.RegionFactoryInitiator    : HHH000026: Second-level cache disabled
2026-09-20T10:05:55.898+05:30  INFO 5816 --- [civictwin-api] [           main] o.s.o.j.p.SpringPersistenceUnitInfo      : No LoadTimeWeaver setup: ignoring JPA class transformer
2026-09-20T10:05:56.268+05:30  INFO 5816 --- [civictwin-api] [           main] com.zaxxer.hikari.HikariDataSource       : HikariPool-1 - Starting...
2026-09-20T10:05:58.231+05:30  INFO 5816 --- [civictwin-api] [           main] com.zaxxer.hikari.pool.HikariPool        : HikariPool-1 - Added connection conn0: url=jdbc:h2:mem:civictwindb user=SA
2026-09-20T10:05:58.241+05:30  INFO 5816 --- [civictwin-api] [           main] com.zaxxer.hikari.HikariDataSource       : HikariPool-1 - Start completed.
2026-09-20T10:05:58.455+05:30  WARN 5816 --- [civictwin-api] [           main] org.hibernate.orm.deprecation            : HHH90000025: H2Dialect does not need to be specified explicitly using 'hibernate.dialect' (remove the property setting and it will be selected by default)
2026-09-20T10:06:03.872+05:30  INFO 5816 --- [civictwin-api] [           main] o.h.e.t.j.p.i.JtaPlatformInitiator       : HHH000489: No JTA platform available (set 'hibernate.transaction.jta.platform' to enable JTA platform integration)
2026-09-20T10:06:03.994+05:30  INFO 5816 --- [civictwin-api] [           main] j.LocalContainerEntityManagerFactoryBean : Initialized JPA EntityManagerFactory for persistence unit 'default'
2026-09-20T10:06:04.682+05:30  INFO 5816 --- [civictwin-api] [           main] o.s.d.j.r.query.QueryEnhancerFactory     : Hibernate is in classpath; If applicable, HQL parser will be used.
2026-09-20T10:06:07.614+05:30  WARN 5816 --- [civictwin-api] [           main] JpaBaseConfiguration$JpaWebConfiguration : spring.jpa.open-in-view is enabled by default. Therefore, database queries may be performed during view rendering. Explicitly configure spring.jpa.open-in-view to disable this warning
2026-09-20T10:06:07.713+05:30  WARN 5816 --- [civictwin-api] [           main] .s.s.UserDetailsServiceAutoConfiguration : 

Using generated security password: 0af3abca-40d0-43a0-b41c-39e16fc769bf

This generated password is for development use only. Your security configuration must be updated before running your application in production.

2026-09-20T10:06:07.821+05:30  INFO 5816 --- [civictwin-api] [           main] r$InitializeUserDetailsManagerConfigurer : Global AuthenticationManager configured with UserDetailsService bean with name inMemoryUserDetailsManager
2026-09-20T10:06:10.769+05:30  INFO 5816 --- [civictwin-api] [           main] o.s.b.a.h2.H2ConsoleAutoConfiguration    : H2 console available at '/h2-console'. Database available at 'jdbc:h2:mem:civictwindb'
2026-09-20T10:06:10.926+05:30  INFO 5816 --- [civictwin-api] [           main] o.s.b.t.m.w.SpringBootMockServletContext : Initializing Spring TestDispatcherServlet ''
2026-09-20T10:06:10.927+05:30  INFO 5816 --- [civictwin-api] [           main] o.s.t.web.servlet.TestDispatcherServlet  : Initializing Servlet ''
2026-09-20T10:06:10.930+05:30  INFO 5816 --- [civictwin-api] [           main] o.s.t.web.servlet.TestDispatcherServlet  : Completed initialization in 1 ms
2026-09-20T10:06:10.986+05:30  INFO 5816 --- [civictwin-api] [           main] o.s.m.s.b.SimpleBrokerMessageHandler     : Starting...
2026-09-20T10:06:10.988+05:30  INFO 5816 --- [civictwin-api] [           main] o.s.m.s.b.SimpleBrokerMessageHandler     : BrokerAvailabilityEvent[available=true, SimpleBrokerMessageHandler [org.springframework.messaging.simp.broker.DefaultSubscriptionRegistry@23f31375]]
2026-09-20T10:06:10.991+05:30  INFO 5816 --- [civictwin-api] [           main] o.s.m.s.b.SimpleBrokerMessageHandler     : Started.
2026-09-20T10:06:11.020+05:30  INFO 5816 --- [civictwin-api] [           main] c.c.IncidentControllerMockMvcTest        : Started IncidentControllerMockMvcTest in 30.108 seconds (process running for 41.205)
]]></system-out>
  </testcase>
  <testcase name="testCreateIncident" classname="com.civictwin.IncidentControllerMockMvcTest" time="0.212"/>
</testsuite>